\BOOKMARK [1][-]{section.1}{Support request}{}% 1
\BOOKMARK [1][-]{section.2}{Important practical information}{}% 2
\BOOKMARK [2][-]{subsection.2.1}{Data responsibility}{section.2}% 3
\BOOKMARK [2][-]{subsection.2.2}{Acknowledgments}{section.2}% 4
\BOOKMARK [1][-]{section.3}{Work log}{}% 5
\BOOKMARK [1][-]{section.4}{Materials and Methods}{}% 6
\BOOKMARK [2][-]{subsection.4.1}{Available data}{section.4}% 7
\BOOKMARK [2][-]{subsection.4.2}{Data processing}{section.4}% 8
\BOOKMARK [2][-]{subsection.4.3}{Differential expression}{section.4}% 9
\BOOKMARK [2][-]{subsection.4.4}{Exon usage}{section.4}% 10
\BOOKMARK [2][-]{subsection.4.5}{HOMER Motif Analysis}{section.4}% 11
\BOOKMARK [1][-]{section.5}{Results}{}% 12
\BOOKMARK [2][-]{subsection.5.1}{Data exploration}{section.5}% 13
\BOOKMARK [2][-]{subsection.5.2}{Differential expression}{section.5}% 14
\BOOKMARK [3][-]{subsubsection.5.2.1}{Estimating BCVs}{subsection.5.2}% 15
\BOOKMARK [3][-]{subsubsection.5.2.2}{GR1: time2 vs. time1}{subsection.5.2}% 16
\BOOKMARK [3][-]{subsubsection.5.2.3}{GR2: time2 vs. time1}{subsection.5.2}% 17
\BOOKMARK [1][-]{section.6}{Deliverable}{}% 18
\BOOKMARK [1][-]{section.7}{R session info}{}% 19
\BOOKMARK [1][-]{section.8}{Where to go next}{}% 20
\BOOKMARK [1][-]{section.9}{Support project closing procedures}{}% 21
